<?xml version="1.0" encoding="UTF-8" ?>
<testsuite failures="0" time="0" errors="0" skipped="0" tests="6" name="org.appfuse.util.DateUtilTest">
  <properties>
    <property name="jboss.i18n.generate-proxies" value="true"/>
    <property name="java.runtime.name" value="Java(TM) SE Runtime Environment"/>
    <property name="sun.boot.library.path" value="c:\Program Files\Java\jdk1.7.0_21\jre\bin"/>
    <property name="java.vm.version" value="23.21-b01"/>
    <property name="java.vm.vendor" value="Oracle Corporation"/>
    <property name="java.vendor.url" value="http://java.oracle.com/"/>
    <property name="path.separator" value=";"/>
    <property name="java.vm.name" value="Java HotSpot(TM) 64-Bit Server VM"/>
    <property name="file.encoding.pkg" value="sun.io"/>
    <property name="user.script" value=""/>
    <property name="user.country" value="PL"/>
    <property name="sun.java.launcher" value="SUN_STANDARD"/>
    <property name="sun.os.patch.level" value="Service Pack 1"/>
    <property name="java.vm.specification.name" value="Java Virtual Machine Specification"/>
    <property name="user.dir" value="C:\daniels\gitRepo\common\service"/>
    <property name="java.runtime.version" value="1.7.0_21-b11"/>
    <property name="java.awt.graphicsenv" value="sun.awt.Win32GraphicsEnvironment"/>
    <property name="basedir" value="C:\daniels\gitRepo\common\service"/>
    <property name="java.endorsed.dirs" value="c:\Program Files\Java\jdk1.7.0_21\jre\lib\endorsed"/>
    <property name="os.arch" value="amd64"/>
    <property name="surefire.real.class.path" value="C:\daniels\gitRepo\common\service\target\surefire\surefirebooter6203503443013555463.jar"/>
    <property name="java.io.tmpdir" value="C:\Users\daniels\AppData\Local\Temp\"/>
    <property name="line.separator" value="
"/>
    <property name="java.vm.specification.vendor" value="Oracle Corporation"/>
    <property name="user.variant" value=""/>
    <property name="os.name" value="Windows 7"/>
    <property name="sun.jnu.encoding" value="Cp1250"/>
    <property name="java.library.path" value="c:\Program Files\Java\jdk1.7.0_21\jre\bin;C:\windows\Sun\Java\bin;C:\windows\system32;C:\windows;c:\daniels\tools\apache-ant-1.9.2\bin;C:\Program Files\Common Files\Microsoft Shared\Windows Live;C:\Program Files (x86)\Common Files\Microsoft Shared\Windows Live;C:\windows\system32;C:\windows;C:\windows\System32\Wbem;C:\windows\System32\WindowsPowerShell\v1.0\;C:\Program Files\Broadcom\Broadcom 802.11 Network Adapter\Driver;C:\Program Files (x86)\Windows Live\Shared;C:\Program Files\WIDCOMM\Bluetooth Software\;C:\Program Files\WIDCOMM\Bluetooth Software\syswow64;c:\Program Files\Java\jdk1.7.0_21/bin;c:\Program Files\apache-maven-3.0.3/bin;C:\Program Files\MySQL\MySQL Server 5.5\bin;c:\gradle-1.0-milestone-6\/bin;c:\metro/bin;c:\Program Files (x86)\Adobe\Adobe Flash Builder 4.5\sdks\4.5.1/bin;C:\springsource\spring-roo-1.2.1.RELEASE/bin;c:\tools\msysgit/cmd;c:\daniels\frameworks\scala-2.9.2/bin;C:\Program Files\TortoiseSVN\bin;C:\Program Files\TortoiseGit\bin;C:\tools\Git\cmd;C:\Program Files (x86)\Heroku\bin;C:\Program Files (x86)\git\cmd;C:\Program Files\nodejs\;C:\Users\daniels\AppData\Roaming\npm;."/>
    <property name="surefire.test.class.path" value="C:\daniels\gitRepo\common\service\target\test-classes;C:\daniels\gitRepo\common\service\target\classes;C:\daniels\gitRepo\common\hibernate\target\commons-hibernate-2.2.2-SNAPSHOT.jar;C:\daniels\gitRepo\common\common\target\commons-data-common-2.2.2-SNAPSHOT.jar;C:\Users\daniels\.m2\repository\org\hibernate\java-persistence\jpa-api\2.0-cr-1\jpa-api-2.0-cr-1.jar;C:\Users\daniels\.m2\repository\javax\xml\bind\jaxb-api\2.2\jaxb-api-2.2.jar;C:\Users\daniels\.m2\repository\javax\xml\stream\stax-api\1.0-2\stax-api-1.0-2.jar;C:\Users\daniels\.m2\repository\org\hibernate\hibernate-search\4.1.1.Final\hibernate-search-4.1.1.Final.jar;C:\Users\daniels\.m2\repository\org\hibernate\hibernate-search-orm\4.1.1.Final\hibernate-search-orm-4.1.1.Final.jar;C:\Users\daniels\.m2\repository\org\hibernate\hibernate-search-engine\4.1.1.Final\hibernate-search-engine-4.1.1.Final.jar;C:\Users\daniels\.m2\repository\org\apache\avro\avro\1.5.1\avro-1.5.1.jar;C:\Users\daniels\.m2\repository\com\thoughtworks\paranamer\paranamer\2.3\paranamer-2.3.jar;C:\Users\daniels\.m2\repository\org\xerial\snappy\snappy-java\1.0.1-rc3\snappy-java-1.0.1-rc3.jar;C:\Users\daniels\.m2\repository\org\hibernate\hibernate-search-analyzers\4.1.1.Final\hibernate-search-analyzers-4.1.1.Final.jar;C:\Users\daniels\.m2\repository\org\apache\lucene\lucene-core\3.5.0\lucene-core-3.5.0.jar;C:\Users\daniels\.m2\repository\org\apache\lucene\lucene-analyzers\3.5.0\lucene-analyzers-3.5.0.jar;C:\Users\daniels\.m2\repository\org\apache\solr\solr-analysis-extras\3.5.0\solr-analysis-extras-3.5.0.jar;C:\Users\daniels\.m2\repository\org\apache\solr\solr-core\3.5.0\solr-core-3.5.0.jar;C:\Users\daniels\.m2\repository\org\apache\solr\solr-solrj\3.5.0\solr-solrj-3.5.0.jar;C:\Users\daniels\.m2\repository\org\apache\lucene\lucene-highlighter\3.5.0\lucene-highlighter-3.5.0.jar;C:\Users\daniels\.m2\repository\org\apache\lucene\lucene-memory\3.5.0\lucene-memory-3.5.0.jar;C:\Users\daniels\.m2\repository\org\apache\lucene\lucene-misc\3.5.0\lucene-misc-3.5.0.jar;C:\Users\daniels\.m2\repository\org\apache\lucene\lucene-spatial\3.5.0\lucene-spatial-3.5.0.jar;C:\Users\daniels\.m2\repository\org\apache\lucene\lucene-spellchecker\3.5.0\lucene-spellchecker-3.5.0.jar;C:\Users\daniels\.m2\repository\org\apache\lucene\lucene-grouping\3.5.0\lucene-grouping-3.5.0.jar;C:\Users\daniels\.m2\repository\org\apache\solr\solr-commons-csv\3.5.0\solr-commons-csv-3.5.0.jar;C:\Users\daniels\.m2\repository\commons-codec\commons-codec\1.5\commons-codec-1.5.jar;C:\Users\daniels\.m2\repository\commons-io\commons-io\1.4\commons-io-1.4.jar;C:\Users\daniels\.m2\repository\com\google\guava\guava\r05\guava-r05.jar;C:\Users\daniels\.m2\repository\org\apache\lucene\lucene-smartcn\3.5.0\lucene-smartcn-3.5.0.jar;C:\Users\daniels\.m2\repository\org\apache\lucene\lucene-stempel\3.5.0\lucene-stempel-3.5.0.jar;C:\Users\daniels\.m2\repository\org\hibernate\hibernate-core\4.1.8.Final\hibernate-core-4.1.8.Final.jar;C:\Users\daniels\.m2\repository\antlr\antlr\2.7.7\antlr-2.7.7.jar;C:\Users\daniels\.m2\repository\org\jboss\logging\jboss-logging\3.1.0.GA\jboss-logging-3.1.0.GA.jar;C:\Users\daniels\.m2\repository\org\jboss\spec\javax\transaction\jboss-transaction-api_1.1_spec\1.0.0.Final\jboss-transaction-api_1.1_spec-1.0.0.Final.jar;C:\Users\daniels\.m2\repository\dom4j\dom4j\1.6.1\dom4j-1.6.1.jar;C:\Users\daniels\.m2\repository\org\hibernate\javax\persistence\hibernate-jpa-2.0-api\1.0.1.Final\hibernate-jpa-2.0-api-1.0.1.Final.jar;C:\Users\daniels\.m2\repository\org\javassist\javassist\3.15.0-GA\javassist-3.15.0-GA.jar;C:\Users\daniels\.m2\repository\org\hibernate\common\hibernate-commons-annotations\4.0.1.Final\hibernate-commons-annotations-4.0.1.Final.jar;C:\Users\daniels\.m2\repository\javassist\javassist\3.12.1.GA\javassist-3.12.1.GA.jar;C:\Users\daniels\.m2\repository\org\hibernate\hibernate-ehcache\4.1.8.Final\hibernate-ehcache-4.1.8.Final.jar;C:\Users\daniels\.m2\repository\commons-collections\commons-collections\3.2.1\commons-collections-3.2.1.jar;C:\Users\daniels\.m2\repository\net\sf\ehcache\ehcache-core\2.6.2\ehcache-core-2.6.2.jar;C:\Users\daniels\.m2\repository\javax\mail\mail\1.4.1\mail-1.4.1.jar;C:\Users\daniels\.m2\repository\javax\activation\activation\1.1\activation-1.1.jar;C:\Users\daniels\.m2\repository\org\mockito\mockito-core\1.9.5\mockito-core-1.9.5.jar;C:\Users\daniels\.m2\repository\org\hamcrest\hamcrest-core\1.1\hamcrest-core-1.1.jar;C:\Users\daniels\.m2\repository\org\objenesis\objenesis\1.0\objenesis-1.0.jar;C:\Users\daniels\.m2\repository\junit\junit-dep\4.8.2\junit-dep-4.8.2.jar;C:\Users\daniels\.m2\repository\org\subethamail\subethasmtp-wiser\1.2\subethasmtp-wiser-1.2.jar;C:\Users\daniels\.m2\repository\org\subethamail\subethasmtp-smtp\1.2\subethasmtp-smtp-1.2.jar;C:\Users\daniels\.m2\repository\commons-logging\commons-logging\1.1\commons-logging-1.1.jar;C:\Users\daniels\.m2\repository\logkit\logkit\1.0.1\logkit-1.0.1.jar;C:\Users\daniels\.m2\repository\avalon-framework\avalon-framework\4.1.3\avalon-framework-4.1.3.jar;C:\Users\daniels\.m2\repository\javax\servlet\servlet-api\2.3\servlet-api-2.3.jar;C:\Users\daniels\.m2\repository\velocity\velocity\1.4\velocity-1.4.jar;C:\Users\daniels\.m2\repository\velocity\velocity-dep\1.4\velocity-dep-1.4.jar;C:\Users\daniels\.m2\repository\org\apache\cxf\cxf-rt-frontend-jaxrs\2.7.1\cxf-rt-frontend-jaxrs-2.7.1.jar;C:\Users\daniels\.m2\repository\org\apache\cxf\cxf-api\2.7.1\cxf-api-2.7.1.jar;C:\Users\daniels\.m2\repository\org\codehaus\woodstox\woodstox-core-asl\4.1.4\woodstox-core-asl-4.1.4.jar;C:\Users\daniels\.m2\repository\org\codehaus\woodstox\stax2-api\3.1.1\stax2-api-3.1.1.jar;C:\Users\daniels\.m2\repository\org\apache\ws\xmlschema\xmlschema-core\2.0.3\xmlschema-core-2.0.3.jar;C:\Users\daniels\.m2\repository\org\apache\geronimo\specs\geronimo-javamail_1.4_spec\1.7.1\geronimo-javamail_1.4_spec-1.7.1.jar;C:\Users\daniels\.m2\repository\wsdl4j\wsdl4j\1.6.2\wsdl4j-1.6.2.jar;C:\Users\daniels\.m2\repository\org\apache\cxf\cxf-rt-core\2.7.1\cxf-rt-core-2.7.1.jar;C:\Users\daniels\.m2\repository\com\sun\xml\bind\jaxb-impl\2.2.6\jaxb-impl-2.2.6.jar;C:\Users\daniels\.m2\repository\javax\ws\rs\javax.ws.rs-api\2.0-m10\javax.ws.rs-api-2.0-m10.jar;C:\Users\daniels\.m2\repository\org\apache\cxf\cxf-rt-bindings-xml\2.7.1\cxf-rt-bindings-xml-2.7.1.jar;C:\Users\daniels\.m2\repository\org\apache\cxf\cxf-rt-transports-http\2.7.1\cxf-rt-transports-http-2.7.1.jar;C:\Users\daniels\.m2\repository\org\apache\cxf\cxf-rt-frontend-jaxws\2.7.1\cxf-rt-frontend-jaxws-2.7.1.jar;C:\Users\daniels\.m2\repository\xml-resolver\xml-resolver\1.2\xml-resolver-1.2.jar;C:\Users\daniels\.m2\repository\asm\asm\3.3.1\asm-3.3.1.jar;C:\Users\daniels\.m2\repository\org\apache\cxf\cxf-rt-bindings-soap\2.7.1\cxf-rt-bindings-soap-2.7.1.jar;C:\Users\daniels\.m2\repository\org\apache\cxf\cxf-rt-databinding-jaxb\2.7.1\cxf-rt-databinding-jaxb-2.7.1.jar;C:\Users\daniels\.m2\repository\org\apache\cxf\cxf-rt-frontend-simple\2.7.1\cxf-rt-frontend-simple-2.7.1.jar;C:\Users\daniels\.m2\repository\org\apache\cxf\cxf-rt-ws-addr\2.7.1\cxf-rt-ws-addr-2.7.1.jar;C:\Users\daniels\.m2\repository\org\apache\cxf\cxf-rt-ws-policy\2.7.1\cxf-rt-ws-policy-2.7.1.jar;C:\Users\daniels\.m2\repository\org\apache\neethi\neethi\3.0.2\neethi-3.0.2.jar;C:\Users\daniels\.m2\repository\org\codehaus\jackson\jackson-jaxrs\1.7.1\jackson-jaxrs-1.7.1.jar;C:\Users\daniels\.m2\repository\org\codehaus\jackson\jackson-core-asl\1.7.1\jackson-core-asl-1.7.1.jar;C:\Users\daniels\.m2\repository\org\codehaus\jackson\jackson-mapper-asl\1.7.1\jackson-mapper-asl-1.7.1.jar;C:\Users\daniels\.m2\repository\org\springframework\spring-aop\3.2.4.RELEASE\spring-aop-3.2.4.RELEASE.jar;C:\Users\daniels\.m2\repository\aopalliance\aopalliance\1.0\aopalliance-1.0.jar;C:\Users\daniels\.m2\repository\org\springframework\spring-beans\3.2.4.RELEASE\spring-beans-3.2.4.RELEASE.jar;C:\Users\daniels\.m2\repository\org\springframework\spring-core\3.2.4.RELEASE\spring-core-3.2.4.RELEASE.jar;C:\Users\daniels\.m2\repository\org\springframework\spring-aspects\3.2.4.RELEASE\spring-aspects-3.2.4.RELEASE.jar;C:\Users\daniels\.m2\repository\org\springframework\spring-context-support\3.2.4.RELEASE\spring-context-support-3.2.4.RELEASE.jar;C:\Users\daniels\.m2\repository\commons-beanutils\commons-beanutils\1.8.3\commons-beanutils-1.8.3.jar;C:\Users\daniels\.m2\repository\org\springframework\spring-context\3.2.4.RELEASE\spring-context-3.2.4.RELEASE.jar;C:\Users\daniels\.m2\repository\org\springframework\spring-expression\3.2.4.RELEASE\spring-expression-3.2.4.RELEASE.jar;C:\Users\daniels\.m2\repository\org\springframework\spring-jdbc\3.2.4.RELEASE\spring-jdbc-3.2.4.RELEASE.jar;C:\Users\daniels\.m2\repository\org\springframework\spring-tx\3.2.4.RELEASE\spring-tx-3.2.4.RELEASE.jar;C:\Users\daniels\.m2\repository\org\springframework\spring-orm\3.2.4.RELEASE\spring-orm-3.2.4.RELEASE.jar;C:\Users\daniels\.m2\repository\commons-lang\commons-lang\2.6\commons-lang-2.6.jar;C:\Users\daniels\.m2\repository\org\springframework\security\spring-security-core\3.1.4.RELEASE\spring-security-core-3.1.4.RELEASE.jar;C:\Users\daniels\.m2\repository\org\springframework\security\spring-security-config\3.1.4.RELEASE\spring-security-config-3.1.4.RELEASE.jar;C:\Users\daniels\.m2\repository\org\aspectj\aspectjweaver\1.6.10\aspectjweaver-1.6.10.jar;C:\Users\daniels\.m2\repository\org\aspectj\aspectjrt\1.6.10\aspectjrt-1.6.10.jar;C:\Users\daniels\.m2\repository\junit\junit\4.10\junit-4.10.jar;C:\Users\daniels\.m2\repository\org\slf4j\slf4j-api\1.6.1\slf4j-api-1.6.1.jar;C:\Users\daniels\.m2\repository\org\slf4j\jcl-over-slf4j\1.6.1\jcl-over-slf4j-1.6.1.jar;C:\Users\daniels\.m2\repository\org\slf4j\slf4j-log4j12\1.6.1\slf4j-log4j12-1.6.1.jar;C:\Users\daniels\.m2\repository\log4j\log4j\1.2.17\log4j-1.2.17.jar;C:\Users\daniels\.m2\repository\com\h2database\h2\1.3.170\h2-1.3.170.jar;C:\Users\daniels\.m2\repository\org\springframework\spring-test\3.2.4.RELEASE\spring-test-3.2.4.RELEASE.jar;"/>
    <property name="java.specification.name" value="Java Platform API Specification"/>
    <property name="java.class.version" value="51.0"/>
    <property name="sun.management.compiler" value="HotSpot 64-Bit Tiered Compilers"/>
    <property name="os.version" value="6.1"/>
    <property name="user.home" value="C:\Users\daniels"/>
    <property name="user.timezone" value="Europe/Belgrade"/>
    <property name="java.awt.printerjob" value="sun.awt.windows.WPrinterJob"/>
    <property name="java.specification.version" value="1.7"/>
    <property name="file.encoding" value="Cp1250"/>
    <property name="user.name" value="daniels"/>
    <property name="java.class.path" value="C:\daniels\gitRepo\common\service\target\test-classes;C:\daniels\gitRepo\common\service\target\classes;C:\daniels\gitRepo\common\hibernate\target\commons-hibernate-2.2.2-SNAPSHOT.jar;C:\daniels\gitRepo\common\common\target\commons-data-common-2.2.2-SNAPSHOT.jar;C:\Users\daniels\.m2\repository\org\hibernate\java-persistence\jpa-api\2.0-cr-1\jpa-api-2.0-cr-1.jar;C:\Users\daniels\.m2\repository\javax\xml\bind\jaxb-api\2.2\jaxb-api-2.2.jar;C:\Users\daniels\.m2\repository\javax\xml\stream\stax-api\1.0-2\stax-api-1.0-2.jar;C:\Users\daniels\.m2\repository\org\hibernate\hibernate-search\4.1.1.Final\hibernate-search-4.1.1.Final.jar;C:\Users\daniels\.m2\repository\org\hibernate\hibernate-search-orm\4.1.1.Final\hibernate-search-orm-4.1.1.Final.jar;C:\Users\daniels\.m2\repository\org\hibernate\hibernate-search-engine\4.1.1.Final\hibernate-search-engine-4.1.1.Final.jar;C:\Users\daniels\.m2\repository\org\apache\avro\avro\1.5.1\avro-1.5.1.jar;C:\Users\daniels\.m2\repository\com\thoughtworks\paranamer\paranamer\2.3\paranamer-2.3.jar;C:\Users\daniels\.m2\repository\org\xerial\snappy\snappy-java\1.0.1-rc3\snappy-java-1.0.1-rc3.jar;C:\Users\daniels\.m2\repository\org\hibernate\hibernate-search-analyzers\4.1.1.Final\hibernate-search-analyzers-4.1.1.Final.jar;C:\Users\daniels\.m2\repository\org\apache\lucene\lucene-core\3.5.0\lucene-core-3.5.0.jar;C:\Users\daniels\.m2\repository\org\apache\lucene\lucene-analyzers\3.5.0\lucene-analyzers-3.5.0.jar;C:\Users\daniels\.m2\repository\org\apache\solr\solr-analysis-extras\3.5.0\solr-analysis-extras-3.5.0.jar;C:\Users\daniels\.m2\repository\org\apache\solr\solr-core\3.5.0\solr-core-3.5.0.jar;C:\Users\daniels\.m2\repository\org\apache\solr\solr-solrj\3.5.0\solr-solrj-3.5.0.jar;C:\Users\daniels\.m2\repository\org\apache\lucene\lucene-highlighter\3.5.0\lucene-highlighter-3.5.0.jar;C:\Users\daniels\.m2\repository\org\apache\lucene\lucene-memory\3.5.0\lucene-memory-3.5.0.jar;C:\Users\daniels\.m2\repository\org\apache\lucene\lucene-misc\3.5.0\lucene-misc-3.5.0.jar;C:\Users\daniels\.m2\repository\org\apache\lucene\lucene-spatial\3.5.0\lucene-spatial-3.5.0.jar;C:\Users\daniels\.m2\repository\org\apache\lucene\lucene-spellchecker\3.5.0\lucene-spellchecker-3.5.0.jar;C:\Users\daniels\.m2\repository\org\apache\lucene\lucene-grouping\3.5.0\lucene-grouping-3.5.0.jar;C:\Users\daniels\.m2\repository\org\apache\solr\solr-commons-csv\3.5.0\solr-commons-csv-3.5.0.jar;C:\Users\daniels\.m2\repository\commons-codec\commons-codec\1.5\commons-codec-1.5.jar;C:\Users\daniels\.m2\repository\commons-io\commons-io\1.4\commons-io-1.4.jar;C:\Users\daniels\.m2\repository\com\google\guava\guava\r05\guava-r05.jar;C:\Users\daniels\.m2\repository\org\apache\lucene\lucene-smartcn\3.5.0\lucene-smartcn-3.5.0.jar;C:\Users\daniels\.m2\repository\org\apache\lucene\lucene-stempel\3.5.0\lucene-stempel-3.5.0.jar;C:\Users\daniels\.m2\repository\org\hibernate\hibernate-core\4.1.8.Final\hibernate-core-4.1.8.Final.jar;C:\Users\daniels\.m2\repository\antlr\antlr\2.7.7\antlr-2.7.7.jar;C:\Users\daniels\.m2\repository\org\jboss\logging\jboss-logging\3.1.0.GA\jboss-logging-3.1.0.GA.jar;C:\Users\daniels\.m2\repository\org\jboss\spec\javax\transaction\jboss-transaction-api_1.1_spec\1.0.0.Final\jboss-transaction-api_1.1_spec-1.0.0.Final.jar;C:\Users\daniels\.m2\repository\dom4j\dom4j\1.6.1\dom4j-1.6.1.jar;C:\Users\daniels\.m2\repository\org\hibernate\javax\persistence\hibernate-jpa-2.0-api\1.0.1.Final\hibernate-jpa-2.0-api-1.0.1.Final.jar;C:\Users\daniels\.m2\repository\org\javassist\javassist\3.15.0-GA\javassist-3.15.0-GA.jar;C:\Users\daniels\.m2\repository\org\hibernate\common\hibernate-commons-annotations\4.0.1.Final\hibernate-commons-annotations-4.0.1.Final.jar;C:\Users\daniels\.m2\repository\javassist\javassist\3.12.1.GA\javassist-3.12.1.GA.jar;C:\Users\daniels\.m2\repository\org\hibernate\hibernate-ehcache\4.1.8.Final\hibernate-ehcache-4.1.8.Final.jar;C:\Users\daniels\.m2\repository\commons-collections\commons-collections\3.2.1\commons-collections-3.2.1.jar;C:\Users\daniels\.m2\repository\net\sf\ehcache\ehcache-core\2.6.2\ehcache-core-2.6.2.jar;C:\Users\daniels\.m2\repository\javax\mail\mail\1.4.1\mail-1.4.1.jar;C:\Users\daniels\.m2\repository\javax\activation\activation\1.1\activation-1.1.jar;C:\Users\daniels\.m2\repository\org\mockito\mockito-core\1.9.5\mockito-core-1.9.5.jar;C:\Users\daniels\.m2\repository\org\hamcrest\hamcrest-core\1.1\hamcrest-core-1.1.jar;C:\Users\daniels\.m2\repository\org\objenesis\objenesis\1.0\objenesis-1.0.jar;C:\Users\daniels\.m2\repository\junit\junit-dep\4.8.2\junit-dep-4.8.2.jar;C:\Users\daniels\.m2\repository\org\subethamail\subethasmtp-wiser\1.2\subethasmtp-wiser-1.2.jar;C:\Users\daniels\.m2\repository\org\subethamail\subethasmtp-smtp\1.2\subethasmtp-smtp-1.2.jar;C:\Users\daniels\.m2\repository\commons-logging\commons-logging\1.1\commons-logging-1.1.jar;C:\Users\daniels\.m2\repository\logkit\logkit\1.0.1\logkit-1.0.1.jar;C:\Users\daniels\.m2\repository\avalon-framework\avalon-framework\4.1.3\avalon-framework-4.1.3.jar;C:\Users\daniels\.m2\repository\javax\servlet\servlet-api\2.3\servlet-api-2.3.jar;C:\Users\daniels\.m2\repository\velocity\velocity\1.4\velocity-1.4.jar;C:\Users\daniels\.m2\repository\velocity\velocity-dep\1.4\velocity-dep-1.4.jar;C:\Users\daniels\.m2\repository\org\apache\cxf\cxf-rt-frontend-jaxrs\2.7.1\cxf-rt-frontend-jaxrs-2.7.1.jar;C:\Users\daniels\.m2\repository\org\apache\cxf\cxf-api\2.7.1\cxf-api-2.7.1.jar;C:\Users\daniels\.m2\repository\org\codehaus\woodstox\woodstox-core-asl\4.1.4\woodstox-core-asl-4.1.4.jar;C:\Users\daniels\.m2\repository\org\codehaus\woodstox\stax2-api\3.1.1\stax2-api-3.1.1.jar;C:\Users\daniels\.m2\repository\org\apache\ws\xmlschema\xmlschema-core\2.0.3\xmlschema-core-2.0.3.jar;C:\Users\daniels\.m2\repository\org\apache\geronimo\specs\geronimo-javamail_1.4_spec\1.7.1\geronimo-javamail_1.4_spec-1.7.1.jar;C:\Users\daniels\.m2\repository\wsdl4j\wsdl4j\1.6.2\wsdl4j-1.6.2.jar;C:\Users\daniels\.m2\repository\org\apache\cxf\cxf-rt-core\2.7.1\cxf-rt-core-2.7.1.jar;C:\Users\daniels\.m2\repository\com\sun\xml\bind\jaxb-impl\2.2.6\jaxb-impl-2.2.6.jar;C:\Users\daniels\.m2\repository\javax\ws\rs\javax.ws.rs-api\2.0-m10\javax.ws.rs-api-2.0-m10.jar;C:\Users\daniels\.m2\repository\org\apache\cxf\cxf-rt-bindings-xml\2.7.1\cxf-rt-bindings-xml-2.7.1.jar;C:\Users\daniels\.m2\repository\org\apache\cxf\cxf-rt-transports-http\2.7.1\cxf-rt-transports-http-2.7.1.jar;C:\Users\daniels\.m2\repository\org\apache\cxf\cxf-rt-frontend-jaxws\2.7.1\cxf-rt-frontend-jaxws-2.7.1.jar;C:\Users\daniels\.m2\repository\xml-resolver\xml-resolver\1.2\xml-resolver-1.2.jar;C:\Users\daniels\.m2\repository\asm\asm\3.3.1\asm-3.3.1.jar;C:\Users\daniels\.m2\repository\org\apache\cxf\cxf-rt-bindings-soap\2.7.1\cxf-rt-bindings-soap-2.7.1.jar;C:\Users\daniels\.m2\repository\org\apache\cxf\cxf-rt-databinding-jaxb\2.7.1\cxf-rt-databinding-jaxb-2.7.1.jar;C:\Users\daniels\.m2\repository\org\apache\cxf\cxf-rt-frontend-simple\2.7.1\cxf-rt-frontend-simple-2.7.1.jar;C:\Users\daniels\.m2\repository\org\apache\cxf\cxf-rt-ws-addr\2.7.1\cxf-rt-ws-addr-2.7.1.jar;C:\Users\daniels\.m2\repository\org\apache\cxf\cxf-rt-ws-policy\2.7.1\cxf-rt-ws-policy-2.7.1.jar;C:\Users\daniels\.m2\repository\org\apache\neethi\neethi\3.0.2\neethi-3.0.2.jar;C:\Users\daniels\.m2\repository\org\codehaus\jackson\jackson-jaxrs\1.7.1\jackson-jaxrs-1.7.1.jar;C:\Users\daniels\.m2\repository\org\codehaus\jackson\jackson-core-asl\1.7.1\jackson-core-asl-1.7.1.jar;C:\Users\daniels\.m2\repository\org\codehaus\jackson\jackson-mapper-asl\1.7.1\jackson-mapper-asl-1.7.1.jar;C:\Users\daniels\.m2\repository\org\springframework\spring-aop\3.2.4.RELEASE\spring-aop-3.2.4.RELEASE.jar;C:\Users\daniels\.m2\repository\aopalliance\aopalliance\1.0\aopalliance-1.0.jar;C:\Users\daniels\.m2\repository\org\springframework\spring-beans\3.2.4.RELEASE\spring-beans-3.2.4.RELEASE.jar;C:\Users\daniels\.m2\repository\org\springframework\spring-core\3.2.4.RELEASE\spring-core-3.2.4.RELEASE.jar;C:\Users\daniels\.m2\repository\org\springframework\spring-aspects\3.2.4.RELEASE\spring-aspects-3.2.4.RELEASE.jar;C:\Users\daniels\.m2\repository\org\springframework\spring-context-support\3.2.4.RELEASE\spring-context-support-3.2.4.RELEASE.jar;C:\Users\daniels\.m2\repository\commons-beanutils\commons-beanutils\1.8.3\commons-beanutils-1.8.3.jar;C:\Users\daniels\.m2\repository\org\springframework\spring-context\3.2.4.RELEASE\spring-context-3.2.4.RELEASE.jar;C:\Users\daniels\.m2\repository\org\springframework\spring-expression\3.2.4.RELEASE\spring-expression-3.2.4.RELEASE.jar;C:\Users\daniels\.m2\repository\org\springframework\spring-jdbc\3.2.4.RELEASE\spring-jdbc-3.2.4.RELEASE.jar;C:\Users\daniels\.m2\repository\org\springframework\spring-tx\3.2.4.RELEASE\spring-tx-3.2.4.RELEASE.jar;C:\Users\daniels\.m2\repository\org\springframework\spring-orm\3.2.4.RELEASE\spring-orm-3.2.4.RELEASE.jar;C:\Users\daniels\.m2\repository\commons-lang\commons-lang\2.6\commons-lang-2.6.jar;C:\Users\daniels\.m2\repository\org\springframework\security\spring-security-core\3.1.4.RELEASE\spring-security-core-3.1.4.RELEASE.jar;C:\Users\daniels\.m2\repository\org\springframework\security\spring-security-config\3.1.4.RELEASE\spring-security-config-3.1.4.RELEASE.jar;C:\Users\daniels\.m2\repository\org\aspectj\aspectjweaver\1.6.10\aspectjweaver-1.6.10.jar;C:\Users\daniels\.m2\repository\org\aspectj\aspectjrt\1.6.10\aspectjrt-1.6.10.jar;C:\Users\daniels\.m2\repository\junit\junit\4.10\junit-4.10.jar;C:\Users\daniels\.m2\repository\org\slf4j\slf4j-api\1.6.1\slf4j-api-1.6.1.jar;C:\Users\daniels\.m2\repository\org\slf4j\jcl-over-slf4j\1.6.1\jcl-over-slf4j-1.6.1.jar;C:\Users\daniels\.m2\repository\org\slf4j\slf4j-log4j12\1.6.1\slf4j-log4j12-1.6.1.jar;C:\Users\daniels\.m2\repository\log4j\log4j\1.2.17\log4j-1.2.17.jar;C:\Users\daniels\.m2\repository\com\h2database\h2\1.3.170\h2-1.3.170.jar;C:\Users\daniels\.m2\repository\org\springframework\spring-test\3.2.4.RELEASE\spring-test-3.2.4.RELEASE.jar;"/>
    <property name="localRepoPath" value="C:\Users\daniels\.m2\repository"/>
    <property name="java.vm.specification.version" value="1.7"/>
    <property name="sun.arch.data.model" value="64"/>
    <property name="java.home" value="c:\Program Files\Java\jdk1.7.0_21\jre"/>
    <property name="sun.java.command" value="C:\daniels\gitRepo\common\service\target\surefire\surefirebooter6203503443013555463.jar C:\daniels\gitRepo\common\service\target\surefire\surefire265765182295792800tmp C:\daniels\gitRepo\common\service\target\surefire\surefire869758344519140953tmp"/>
    <property name="java.specification.vendor" value="Oracle Corporation"/>
    <property name="user.language" value="pl"/>
    <property name="awt.toolkit" value="sun.awt.windows.WToolkit"/>
    <property name="java.vm.info" value="mixed mode"/>
    <property name="java.version" value="1.7.0_21"/>
    <property name="java.ext.dirs" value="c:\Program Files\Java\jdk1.7.0_21\jre\lib\ext;C:\windows\Sun\Java\lib\ext"/>
    <property name="sun.boot.class.path" value="c:\Program Files\Java\jdk1.7.0_21\jre\lib\resources.jar;c:\Program Files\Java\jdk1.7.0_21\jre\lib\rt.jar;c:\Program Files\Java\jdk1.7.0_21\jre\lib\sunrsasign.jar;c:\Program Files\Java\jdk1.7.0_21\jre\lib\jsse.jar;c:\Program Files\Java\jdk1.7.0_21\jre\lib\jce.jar;c:\Program Files\Java\jdk1.7.0_21\jre\lib\charsets.jar;c:\Program Files\Java\jdk1.7.0_21\jre\lib\jfr.jar;c:\Program Files\Java\jdk1.7.0_21\jre\classes"/>
    <property name="java.vendor" value="Oracle Corporation"/>
    <property name="localRepository" value="C:\Users\daniels\.m2\repository"/>
    <property name="file.separator" value="\"/>
    <property name="java.vendor.url.bug" value="http://bugreport.sun.com/bugreport/"/>
    <property name="sun.cpu.endian" value="little"/>
    <property name="sun.io.unicode.encoding" value="UnicodeLittle"/>
    <property name="sun.desktop" value="windows"/>
    <property name="sun.cpu.isalist" value="amd64"/>
  </properties>
  <testcase time="0" classname="org.appfuse.util.DateUtilTest" name="testGetDate"/>
  <testcase time="0" classname="org.appfuse.util.DateUtilTest" name="testGetToday"/>
  <testcase time="0" classname="org.appfuse.util.DateUtilTest" name="testGetInternationalDatePattern"/>
  <testcase time="0" classname="org.appfuse.util.DateUtilTest" name="testGetDateTime"/>
  <testcase time="0" classname="org.appfuse.util.DateUtilTest" name="testGetDateWithNull"/>
  <testcase time="0" classname="org.appfuse.util.DateUtilTest" name="testGetDateTimeWithNull"/>
</testsuite>